[2025-01-22T12:02:35.482+0000] {manager.py:483} INFO - Processing files using up to 2 processes at a time 
[2025-01-22T12:02:35.484+0000] {manager.py:484} INFO - Process each file at most once every 30 seconds
[2025-01-22T12:02:35.486+0000] {manager.py:485} INFO - Checking for new files in /opt/airflow/dags every 300 seconds
[2025-01-22T12:02:35.488+0000] {manager.py:821} INFO - Searching for files in /opt/airflow/dags
[2025-01-22T12:02:35.497+0000] {manager.py:824} INFO - There are 1 files in /opt/airflow/dags
[2025-01-22T12:02:35.726+0000] {manager.py:997} INFO - 
================================================================================
DAG File Processing Stats

File Path                          PID  Runtime      # DAGs    # Errors  Last Runtime    Last Run      Last # of DB Queries
-------------------------------  -----  ---------  --------  ----------  --------------  ----------  ----------------------
/opt/airflow/dags/reddit_dag.py     33  0.06s             0           0                                                   0
================================================================================
[2025-01-22T12:03:06.227+0000] {manager.py:997} INFO - 
================================================================================
DAG File Processing Stats

File Path                          PID  Runtime      # DAGs    # Errors  Last Runtime    Last Run               Last # of DB Queries
-------------------------------  -----  ---------  --------  ----------  --------------  -------------------  ----------------------
/opt/airflow/dags/reddit_dag.py     34  0.02s             0           1  0.18s           2025-01-22T12:02:35                       3
================================================================================
[2025-01-22T12:03:36.625+0000] {manager.py:997} INFO - 
================================================================================
DAG File Processing Stats

File Path                        PID    Runtime      # DAGs    # Errors  Last Runtime    Last Run               Last # of DB Queries
-------------------------------  -----  ---------  --------  ----------  --------------  -------------------  ----------------------
/opt/airflow/dags/reddit_dag.py                           0           1  1.22s           2025-01-22T12:03:07                       5
================================================================================
[2025-01-22T12:05:04.988+0000] {manager.py:997} INFO - 
================================================================================
DAG File Processing Stats

File Path                          PID  Runtime      # DAGs    # Errors  Last Runtime    Last Run               Last # of DB Queries
-------------------------------  -----  ---------  --------  ----------  --------------  -------------------  ----------------------
/opt/airflow/dags/reddit_dag.py     35  44.65s            0           1  1.22s           2025-01-22T12:03:07                       5
================================================================================
[2025-01-22T12:05:29.040+0000] {manager.py:1366} ERROR - Processor for /opt/airflow/dags/reddit_dag.py with PID 35 started at 2025-01-22T12:03:37.892312+00:00 has timed out, killing it.
[2025-01-22T12:06:09.616+0000] {manager.py:997} INFO - 
================================================================================
DAG File Processing Stats

File Path                        PID    Runtime      # DAGs    # Errors  Last Runtime    Last Run               Last # of DB Queries
-------------------------------  -----  ---------  --------  ----------  --------------  -------------------  ----------------------
/opt/airflow/dags/reddit_dag.py                           0           1  0.49s           2025-01-22T12:05:59                       5
================================================================================
[2025-01-22T12:06:41.743+0000] {manager.py:997} INFO - 
================================================================================
DAG File Processing Stats

File Path                          PID  Runtime      # DAGs    # Errors  Last Runtime    Last Run               Last # of DB Queries
-------------------------------  -----  ---------  --------  ----------  --------------  -------------------  ----------------------
/opt/airflow/dags/reddit_dag.py     37  11.09s            0           1  0.49s           2025-01-22T12:05:59                       5
================================================================================
[2025-01-22T12:07:12.139+0000] {manager.py:997} INFO - 
================================================================================
DAG File Processing Stats

File Path                          PID  Runtime      # DAGs    # Errors  Last Runtime    Last Run               Last # of DB Queries
-------------------------------  -----  ---------  --------  ----------  --------------  -------------------  ----------------------
/opt/airflow/dags/reddit_dag.py     38  0.01s             0           1  11.27s          2025-01-22T12:06:41                       5
================================================================================
[2025-01-22T12:07:35.502+0000] {manager.py:821} INFO - Searching for files in /opt/airflow/dags
[2025-01-22T12:07:35.512+0000] {manager.py:824} INFO - There are 1 files in /opt/airflow/dags
[2025-01-22T12:07:42.640+0000] {manager.py:997} INFO - 
================================================================================
DAG File Processing Stats

File Path                          PID  Runtime      # DAGs    # Errors  Last Runtime    Last Run               Last # of DB Queries
-------------------------------  -----  ---------  --------  ----------  --------------  -------------------  ----------------------
/opt/airflow/dags/reddit_dag.py     39  0.01s             0           1  0.19s           2025-01-22T12:07:12                       5
================================================================================
[2025-01-22T12:08:13.034+0000] {manager.py:997} INFO - 
================================================================================
DAG File Processing Stats

File Path                          PID  Runtime      # DAGs    # Errors  Last Runtime    Last Run               Last # of DB Queries
-------------------------------  -----  ---------  --------  ----------  --------------  -------------------  ----------------------
/opt/airflow/dags/reddit_dag.py     40  0.01s             0           1  0.13s           2025-01-22T12:07:42                       5
================================================================================
[2025-01-22T12:09:33.896+0000] {manager.py:997} INFO - 
================================================================================
DAG File Processing Stats

File Path                        PID    Runtime      # DAGs    # Errors  Last Runtime    Last Run               Last # of DB Queries
-------------------------------  -----  ---------  --------  ----------  --------------  -------------------  ----------------------
/opt/airflow/dags/reddit_dag.py                           0           1  0.21s           2025-01-22T12:08:13                       5
================================================================================
[2025-01-22T12:10:04.391+0000] {manager.py:997} INFO - 
================================================================================
DAG File Processing Stats

File Path                          PID  Runtime      # DAGs    # Errors  Last Runtime    Last Run               Last # of DB Queries
-------------------------------  -----  ---------  --------  ----------  --------------  -------------------  ----------------------
/opt/airflow/dags/reddit_dag.py     42  0.01s             0           1  0.30s           2025-01-22T12:09:34                       5
================================================================================
[2025-01-22T12:10:34.699+0000] {manager.py:997} INFO - 
================================================================================
DAG File Processing Stats

File Path                          PID  Runtime      # DAGs    # Errors  Last Runtime    Last Run               Last # of DB Queries
-------------------------------  -----  ---------  --------  ----------  --------------  -------------------  ----------------------
/opt/airflow/dags/reddit_dag.py     43  0.01s             0           1  0.13s           2025-01-22T12:10:04                       5
================================================================================
[2025-01-22T12:11:21.012+0000] {manager.py:997} INFO - 
================================================================================
DAG File Processing Stats

File Path                        PID    Runtime      # DAGs    # Errors  Last Runtime    Last Run               Last # of DB Queries
-------------------------------  -----  ---------  --------  ----------  --------------  -------------------  ----------------------
/opt/airflow/dags/reddit_dag.py                           0           1  0.15s           2025-01-22T12:10:34                       5
================================================================================
[2025-01-22T12:11:23.120+0000] {manager.py:465} INFO - Exiting gracefully upon receiving signal 15
[2025-01-22T12:12:00.125+0000] {manager.py:483} INFO - Processing files using up to 2 processes at a time 
[2025-01-22T12:12:00.127+0000] {manager.py:484} INFO - Process each file at most once every 30 seconds
[2025-01-22T12:12:00.128+0000] {manager.py:485} INFO - Checking for new files in /opt/airflow/dags every 300 seconds
[2025-01-22T12:12:00.129+0000] {manager.py:821} INFO - Searching for files in /opt/airflow/dags
[2025-01-22T12:12:00.137+0000] {manager.py:824} INFO - There are 1 files in /opt/airflow/dags
[2025-01-22T12:12:00.278+0000] {manager.py:997} INFO - 
================================================================================
DAG File Processing Stats

File Path                          PID  Runtime      # DAGs    # Errors  Last Runtime    Last Run      Last # of DB Queries
-------------------------------  -----  ---------  --------  ----------  --------------  ----------  ----------------------
/opt/airflow/dags/reddit_dag.py     33  0.05s             0           0                                                   0
================================================================================
[2025-01-22T12:12:30.603+0000] {manager.py:997} INFO - 
================================================================================
DAG File Processing Stats

File Path                          PID  Runtime      # DAGs    # Errors  Last Runtime    Last Run               Last # of DB Queries
-------------------------------  -----  ---------  --------  ----------  --------------  -------------------  ----------------------
/opt/airflow/dags/reddit_dag.py     34  0.01s             0           1  0.12s           2025-01-22T12:12:00                       5
================================================================================
[2025-01-22T12:13:03.904+0000] {manager.py:465} INFO - Exiting gracefully upon receiving signal 15
[2025-01-22T12:14:09.376+0000] {manager.py:483} INFO - Processing files using up to 2 processes at a time 
[2025-01-22T12:14:09.377+0000] {manager.py:484} INFO - Process each file at most once every 30 seconds
[2025-01-22T12:14:09.379+0000] {manager.py:485} INFO - Checking for new files in /opt/airflow/dags every 300 seconds
[2025-01-22T12:14:09.381+0000] {manager.py:821} INFO - Searching for files in /opt/airflow/dags
[2025-01-22T12:14:09.392+0000] {manager.py:824} INFO - There are 1 files in /opt/airflow/dags
[2025-01-22T12:14:09.581+0000] {manager.py:997} INFO - 
================================================================================
DAG File Processing Stats

File Path                          PID  Runtime      # DAGs    # Errors  Last Runtime    Last Run      Last # of DB Queries
-------------------------------  -----  ---------  --------  ----------  --------------  ----------  ----------------------
/opt/airflow/dags/reddit_dag.py     33  0.05s             0           0                                                   0
================================================================================
[2025-01-22T12:14:40.179+0000] {manager.py:997} INFO - 
================================================================================
DAG File Processing Stats

File Path                          PID  Runtime      # DAGs    # Errors  Last Runtime    Last Run               Last # of DB Queries
-------------------------------  -----  ---------  --------  ----------  --------------  -------------------  ----------------------
/opt/airflow/dags/reddit_dag.py     34  0.02s             0           1  0.13s           2025-01-22T12:14:09                       3
================================================================================
[2025-01-22T12:15:10.731+0000] {manager.py:997} INFO - 
================================================================================
DAG File Processing Stats

File Path                        PID    Runtime      # DAGs    # Errors  Last Runtime    Last Run               Last # of DB Queries
-------------------------------  -----  ---------  --------  ----------  --------------  -------------------  ----------------------
/opt/airflow/dags/reddit_dag.py                           0           1  0.91s           2025-01-22T12:14:41                       5
================================================================================
[2025-01-22T12:15:41.120+0000] {manager.py:997} INFO - 
================================================================================
DAG File Processing Stats

File Path                        PID    Runtime      # DAGs    # Errors  Last Runtime    Last Run               Last # of DB Queries
-------------------------------  -----  ---------  --------  ----------  --------------  -------------------  ----------------------
/opt/airflow/dags/reddit_dag.py                           0           1  0.29s           2025-01-22T12:15:12                       5
================================================================================
[2025-01-22T12:16:11.488+0000] {manager.py:997} INFO - 
================================================================================
DAG File Processing Stats

File Path                        PID    Runtime      # DAGs    # Errors  Last Runtime    Last Run               Last # of DB Queries
-------------------------------  -----  ---------  --------  ----------  --------------  -------------------  ----------------------
/opt/airflow/dags/reddit_dag.py                           0           1  0.13s           2025-01-22T12:15:42                       5
================================================================================
[2025-01-22T12:16:42.050+0000] {manager.py:997} INFO - 
================================================================================
DAG File Processing Stats

File Path                        PID    Runtime      # DAGs    # Errors  Last Runtime    Last Run               Last # of DB Queries
-------------------------------  -----  ---------  --------  ----------  --------------  -------------------  ----------------------
/opt/airflow/dags/reddit_dag.py                           0           1  0.23s           2025-01-22T12:16:12                       5
================================================================================
[2025-01-22T12:17:25.238+0000] {manager.py:997} INFO - 
================================================================================
DAG File Processing Stats

File Path                        PID    Runtime      # DAGs    # Errors  Last Runtime    Last Run               Last # of DB Queries
-------------------------------  -----  ---------  --------  ----------  --------------  -------------------  ----------------------
/opt/airflow/dags/reddit_dag.py                           0           1  0.42s           2025-01-22T12:16:43                       5
================================================================================
[2025-01-22T12:17:55.688+0000] {manager.py:997} INFO - 
================================================================================
DAG File Processing Stats

File Path                        PID    Runtime      # DAGs    # Errors  Last Runtime    Last Run               Last # of DB Queries
-------------------------------  -----  ---------  --------  ----------  --------------  -------------------  ----------------------
/opt/airflow/dags/reddit_dag.py                           0           1  0.44s           2025-01-22T12:17:25                       5
================================================================================
[2025-01-22T12:18:26.550+0000] {manager.py:997} INFO - 
================================================================================
DAG File Processing Stats

File Path                          PID  Runtime      # DAGs    # Errors  Last Runtime    Last Run               Last # of DB Queries
-------------------------------  -----  ---------  --------  ----------  --------------  -------------------  ----------------------
/opt/airflow/dags/reddit_dag.py     41  0.01s             0           1  0.17s           2025-01-22T12:17:56                       5
================================================================================
[2025-01-22T12:18:56.978+0000] {manager.py:997} INFO - 
================================================================================
DAG File Processing Stats

File Path                          PID  Runtime      # DAGs    # Errors  Last Runtime    Last Run               Last # of DB Queries
-------------------------------  -----  ---------  --------  ----------  --------------  -------------------  ----------------------
/opt/airflow/dags/reddit_dag.py     42  0.01s             0           1  0.13s           2025-01-22T12:18:26                       5
================================================================================
[2025-01-22T12:19:10.161+0000] {manager.py:821} INFO - Searching for files in /opt/airflow/dags
[2025-01-22T12:19:10.176+0000] {manager.py:824} INFO - There are 1 files in /opt/airflow/dags
[2025-01-22T12:19:30.321+0000] {manager.py:997} INFO - 
================================================================================
DAG File Processing Stats

File Path                          PID  Runtime      # DAGs    # Errors  Last Runtime    Last Run               Last # of DB Queries
-------------------------------  -----  ---------  --------  ----------  --------------  -------------------  ----------------------
/opt/airflow/dags/reddit_dag.py     43  0.10s             0           1  0.16s           2025-01-22T12:18:57                       5
================================================================================
[2025-01-22T12:20:40.527+0000] {manager.py:997} INFO - 
================================================================================
DAG File Processing Stats

File Path                          PID  Runtime      # DAGs    # Errors  Last Runtime    Last Run               Last # of DB Queries
-------------------------------  -----  ---------  --------  ----------  --------------  -------------------  ----------------------
/opt/airflow/dags/reddit_dag.py     43  70.37s            0           1  0.16s           2025-01-22T12:18:57                       5
================================================================================
[2025-01-22T12:20:41.207+0000] {manager.py:1366} ERROR - Processor for /opt/airflow/dags/reddit_dag.py with PID 43 started at 2025-01-22T12:19:30.156191+00:00 has timed out, killing it.
[2025-01-22T12:21:13.503+0000] {manager.py:465} INFO - Exiting gracefully upon receiving signal 15
[2025-01-22T12:22:37.030+0000] {manager.py:483} INFO - Processing files using up to 2 processes at a time 
[2025-01-22T12:22:37.032+0000] {manager.py:484} INFO - Process each file at most once every 30 seconds
[2025-01-22T12:22:37.036+0000] {manager.py:485} INFO - Checking for new files in /opt/airflow/dags every 300 seconds
[2025-01-22T12:22:37.038+0000] {manager.py:821} INFO - Searching for files in /opt/airflow/dags
[2025-01-22T12:22:37.049+0000] {manager.py:824} INFO - There are 1 files in /opt/airflow/dags
[2025-01-22T12:22:37.240+0000] {manager.py:997} INFO - 
================================================================================
DAG File Processing Stats

File Path                          PID  Runtime      # DAGs    # Errors  Last Runtime    Last Run      Last # of DB Queries
-------------------------------  -----  ---------  --------  ----------  --------------  ----------  ----------------------
/opt/airflow/dags/reddit_dag.py     33  0.04s             0           0                                                   0
================================================================================
[2025-01-22T12:23:07.725+0000] {manager.py:997} INFO - 
================================================================================
DAG File Processing Stats

File Path                          PID  Runtime      # DAGs    # Errors  Last Runtime    Last Run               Last # of DB Queries
-------------------------------  -----  ---------  --------  ----------  --------------  -------------------  ----------------------
/opt/airflow/dags/reddit_dag.py     34  0.02s             0           1  0.14s           2025-01-22T12:22:37                       3
================================================================================
[2025-01-22T12:23:40.997+0000] {manager.py:997} INFO - 
================================================================================
DAG File Processing Stats

File Path                          PID  Runtime      # DAGs    # Errors  Last Runtime    Last Run               Last # of DB Queries
-------------------------------  -----  ---------  --------  ----------  --------------  -------------------  ----------------------
/opt/airflow/dags/reddit_dag.py     35  0.01s             0           1  1.15s           2025-01-22T12:23:08                       5
================================================================================
[2025-01-22T12:24:11.405+0000] {manager.py:997} INFO - 
================================================================================
DAG File Processing Stats

File Path                          PID  Runtime      # DAGs    # Errors  Last Runtime    Last Run               Last # of DB Queries
-------------------------------  -----  ---------  --------  ----------  --------------  -------------------  ----------------------
/opt/airflow/dags/reddit_dag.py     36  0.01s             0           1  0.21s           2025-01-22T12:23:41                       5
================================================================================
[2025-01-22T12:24:41.850+0000] {manager.py:997} INFO - 
================================================================================
DAG File Processing Stats

File Path                          PID  Runtime      # DAGs    # Errors  Last Runtime    Last Run               Last # of DB Queries
-------------------------------  -----  ---------  --------  ----------  --------------  -------------------  ----------------------
/opt/airflow/dags/reddit_dag.py     37  0.01s             0           1  0.12s           2025-01-22T12:24:11                       5
================================================================================
[2025-01-22T12:26:25.585+0000] {manager.py:483} INFO - Processing files using up to 2 processes at a time 
[2025-01-22T12:26:25.587+0000] {manager.py:484} INFO - Process each file at most once every 30 seconds
[2025-01-22T12:26:25.589+0000] {manager.py:485} INFO - Checking for new files in /opt/airflow/dags every 300 seconds
[2025-01-22T12:26:25.591+0000] {manager.py:821} INFO - Searching for files in /opt/airflow/dags
[2025-01-22T12:26:25.606+0000] {manager.py:824} INFO - There are 1 files in /opt/airflow/dags
[2025-01-22T12:26:25.811+0000] {manager.py:997} INFO - 
================================================================================
DAG File Processing Stats

File Path                          PID  Runtime      # DAGs    # Errors  Last Runtime    Last Run      Last # of DB Queries
-------------------------------  -----  ---------  --------  ----------  --------------  ----------  ----------------------
/opt/airflow/dags/reddit_dag.py     33  0.05s             0           0                                                   0
================================================================================
[2025-01-22T12:26:56.505+0000] {manager.py:997} INFO - 
================================================================================
DAG File Processing Stats

File Path                          PID  Runtime      # DAGs    # Errors  Last Runtime    Last Run               Last # of DB Queries
-------------------------------  -----  ---------  --------  ----------  --------------  -------------------  ----------------------
/opt/airflow/dags/reddit_dag.py     34  0.02s             0           1  0.15s           2025-01-22T12:26:25                       3
================================================================================
[2025-01-22T12:27:26.588+0000] {manager.py:997} INFO - 
================================================================================
DAG File Processing Stats

File Path                        PID    Runtime      # DAGs    # Errors  Last Runtime    Last Run               Last # of DB Queries
-------------------------------  -----  ---------  --------  ----------  --------------  -------------------  ----------------------
/opt/airflow/dags/reddit_dag.py                           0           1  1.12s           2025-01-22T12:26:57                       5
================================================================================
[2025-01-22T12:27:56.296+0000] {manager.py:997} INFO - 
================================================================================
DAG File Processing Stats

File Path                        PID    Runtime      # DAGs    # Errors  Last Runtime    Last Run               Last # of DB Queries
-------------------------------  -----  ---------  --------  ----------  --------------  -------------------  ----------------------
/opt/airflow/dags/reddit_dag.py                           0           1  24.02s          2025-01-22T12:27:51                       5
================================================================================
[2025-01-22T12:28:27.195+0000] {manager.py:997} INFO - 
================================================================================
DAG File Processing Stats

File Path                        PID    Runtime      # DAGs    # Errors  Last Runtime    Last Run               Last # of DB Queries
-------------------------------  -----  ---------  --------  ----------  --------------  -------------------  ----------------------
/opt/airflow/dags/reddit_dag.py                           0           1  0.48s           2025-01-22T12:28:22                       5
================================================================================
[2025-01-22T12:28:58.001+0000] {manager.py:997} INFO - 
================================================================================
DAG File Processing Stats

File Path                        PID    Runtime      # DAGs    # Errors  Last Runtime    Last Run               Last # of DB Queries
-------------------------------  -----  ---------  --------  ----------  --------------  -------------------  ----------------------
/opt/airflow/dags/reddit_dag.py                           0           1  0.16s           2025-01-22T12:28:53                       5
================================================================================
[2025-01-22T12:29:48.296+0000] {manager.py:997} INFO - 
================================================================================
DAG File Processing Stats

File Path                          PID  Runtime      # DAGs    # Errors  Last Runtime    Last Run               Last # of DB Queries
-------------------------------  -----  ---------  --------  ----------  --------------  -------------------  ----------------------
/opt/airflow/dags/reddit_dag.py     38  0.03s             0           1  0.16s           2025-01-22T12:28:53                       5
================================================================================
[2025-01-22T12:30:19.890+0000] {manager.py:997} INFO - 
================================================================================
DAG File Processing Stats

File Path                        PID    Runtime      # DAGs    # Errors  Last Runtime    Last Run               Last # of DB Queries
-------------------------------  -----  ---------  --------  ----------  --------------  -------------------  ----------------------
/opt/airflow/dags/reddit_dag.py                           0           1  0.13s           2025-01-22T12:30:18                       5
================================================================================
[2025-01-22T12:30:50.371+0000] {manager.py:997} INFO - 
================================================================================
DAG File Processing Stats

File Path                        PID    Runtime      # DAGs    # Errors  Last Runtime    Last Run               Last # of DB Queries
-------------------------------  -----  ---------  --------  ----------  --------------  -------------------  ----------------------
/opt/airflow/dags/reddit_dag.py                           0           1  0.15s           2025-01-22T12:30:49                       5
================================================================================
[2025-01-22T12:31:20.759+0000] {manager.py:997} INFO - 
================================================================================
DAG File Processing Stats

File Path                        PID    Runtime      # DAGs    # Errors  Last Runtime    Last Run               Last # of DB Queries
-------------------------------  -----  ---------  --------  ----------  --------------  -------------------  ----------------------
/opt/airflow/dags/reddit_dag.py                           0           1  0.36s           2025-01-22T12:31:20                       5
================================================================================
[2025-01-22T12:31:26.286+0000] {manager.py:821} INFO - Searching for files in /opt/airflow/dags
[2025-01-22T12:31:26.311+0000] {manager.py:824} INFO - There are 1 files in /opt/airflow/dags
[2025-01-22T12:32:39.268+0000] {manager.py:997} INFO - 
================================================================================
DAG File Processing Stats

File Path                          PID  Runtime      # DAGs    # Errors  Last Runtime    Last Run               Last # of DB Queries
-------------------------------  -----  ---------  --------  ----------  --------------  -------------------  ----------------------
/opt/airflow/dags/reddit_dag.py     42  -0.62s            0           1  0.36s           2025-01-22T12:31:20                       5
================================================================================
[2025-01-22T12:33:11.187+0000] {manager.py:997} INFO - 
================================================================================
DAG File Processing Stats

File Path                        PID    Runtime      # DAGs    # Errors  Last Runtime    Last Run               Last # of DB Queries
-------------------------------  -----  ---------  --------  ----------  --------------  -------------------  ----------------------
/opt/airflow/dags/reddit_dag.py                           0           1  0.12s           2025-01-22T12:33:10                       5
================================================================================
[2025-01-22T12:33:41.766+0000] {manager.py:997} INFO - 
================================================================================
DAG File Processing Stats

File Path                        PID    Runtime      # DAGs    # Errors  Last Runtime    Last Run               Last # of DB Queries
-------------------------------  -----  ---------  --------  ----------  --------------  -------------------  ----------------------
/opt/airflow/dags/reddit_dag.py                           0           1  0.56s           2025-01-22T12:33:41                       5
================================================================================
[2025-01-22T12:34:20.311+0000] {manager.py:997} INFO - 
================================================================================
DAG File Processing Stats

File Path                          PID  Runtime      # DAGs    # Errors  Last Runtime    Last Run               Last # of DB Queries
-------------------------------  -----  ---------  --------  ----------  --------------  -------------------  ----------------------
/opt/airflow/dags/reddit_dag.py     45  0.01s             0           1  0.56s           2025-01-22T12:33:41                       5
================================================================================
[2025-01-22T12:34:50.172+0000] {manager.py:997} INFO - 
================================================================================
DAG File Processing Stats

File Path                        PID    Runtime      # DAGs    # Errors  Last Runtime    Last Run               Last # of DB Queries
-------------------------------  -----  ---------  --------  ----------  --------------  -------------------  ----------------------
/opt/airflow/dags/reddit_dag.py                           0           1  0.25s           2025-01-22T12:34:20                       5
================================================================================
[2025-01-22T12:35:21.217+0000] {manager.py:997} INFO - 
================================================================================
DAG File Processing Stats

File Path                          PID  Runtime      # DAGs    # Errors  Last Runtime    Last Run               Last # of DB Queries
-------------------------------  -----  ---------  --------  ----------  --------------  -------------------  ----------------------
/opt/airflow/dags/reddit_dag.py     47  0.01s             0           1  0.13s           2025-01-22T12:34:50                       5
================================================================================
[2025-01-22T12:35:51.635+0000] {manager.py:997} INFO - 
================================================================================
DAG File Processing Stats

File Path                          PID  Runtime      # DAGs    # Errors  Last Runtime    Last Run               Last # of DB Queries
-------------------------------  -----  ---------  --------  ----------  --------------  -------------------  ----------------------
/opt/airflow/dags/reddit_dag.py     48  0.01s             0           1  0.15s           2025-01-22T12:35:21                       5
================================================================================
[2025-01-22T12:36:35.345+0000] {manager.py:821} INFO - Searching for files in /opt/airflow/dags
[2025-01-22T12:38:11.687+0000] {manager.py:824} INFO - There are 1 files in /opt/airflow/dags
[2025-01-22T12:38:11.883+0000] {manager.py:997} INFO - 
================================================================================
DAG File Processing Stats

File Path                          PID  Runtime      # DAGs    # Errors  Last Runtime    Last Run               Last # of DB Queries
-------------------------------  -----  ---------  --------  ----------  --------------  -------------------  ----------------------
/opt/airflow/dags/reddit_dag.py     49  0.01s             0           1  0.13s           2025-01-22T12:35:51                       5
================================================================================
[2025-01-22T12:38:41.904+0000] {manager.py:997} INFO - 
================================================================================
DAG File Processing Stats

File Path                        PID    Runtime      # DAGs    # Errors  Last Runtime    Last Run               Last # of DB Queries
-------------------------------  -----  ---------  --------  ----------  --------------  -------------------  ----------------------
/opt/airflow/dags/reddit_dag.py                           0           1  0.70s           2025-01-22T12:38:12                       5
================================================================================
[2025-01-22T12:39:12.352+0000] {manager.py:997} INFO - 
================================================================================
DAG File Processing Stats

File Path                        PID    Runtime      # DAGs    # Errors  Last Runtime    Last Run               Last # of DB Queries
-------------------------------  -----  ---------  --------  ----------  --------------  -------------------  ----------------------
/opt/airflow/dags/reddit_dag.py                           0           1  0.49s           2025-01-22T12:38:43                       5
================================================================================
[2025-01-22T12:39:42.871+0000] {manager.py:997} INFO - 
================================================================================
DAG File Processing Stats

File Path                        PID    Runtime      # DAGs    # Errors  Last Runtime    Last Run               Last # of DB Queries
-------------------------------  -----  ---------  --------  ----------  --------------  -------------------  ----------------------
/opt/airflow/dags/reddit_dag.py                           0           1  18.05s          2025-01-22T12:39:32                       5
================================================================================
[2025-01-22T12:39:46.136+0000] {manager.py:465} INFO - Exiting gracefully upon receiving signal 15
[2025-01-22T12:41:49.788+0000] {manager.py:483} INFO - Processing files using up to 2 processes at a time 
[2025-01-22T12:41:49.791+0000] {manager.py:484} INFO - Process each file at most once every 30 seconds
[2025-01-22T12:41:49.794+0000] {manager.py:485} INFO - Checking for new files in /opt/airflow/dags every 300 seconds
[2025-01-22T12:41:49.796+0000] {manager.py:821} INFO - Searching for files in /opt/airflow/dags
[2025-01-22T12:41:49.808+0000] {manager.py:824} INFO - There are 1 files in /opt/airflow/dags
[2025-01-22T12:41:50.042+0000] {manager.py:997} INFO - 
================================================================================
DAG File Processing Stats

File Path                          PID  Runtime      # DAGs    # Errors  Last Runtime    Last Run      Last # of DB Queries
-------------------------------  -----  ---------  --------  ----------  --------------  ----------  ----------------------
/opt/airflow/dags/reddit_dag.py     33  0.06s             0           0                                                   0
================================================================================
[2025-01-22T12:43:59.314+0000] {manager.py:483} INFO - Processing files using up to 2 processes at a time 
[2025-01-22T12:43:59.316+0000] {manager.py:484} INFO - Process each file at most once every 30 seconds
[2025-01-22T12:43:59.317+0000] {manager.py:485} INFO - Checking for new files in /opt/airflow/dags every 300 seconds
[2025-01-22T12:43:59.318+0000] {manager.py:821} INFO - Searching for files in /opt/airflow/dags
[2025-01-22T12:43:59.331+0000] {manager.py:824} INFO - There are 1 files in /opt/airflow/dags
[2025-01-22T12:43:59.591+0000] {manager.py:997} INFO - 
================================================================================
DAG File Processing Stats

File Path                          PID  Runtime      # DAGs    # Errors  Last Runtime    Last Run      Last # of DB Queries
-------------------------------  -----  ---------  --------  ----------  --------------  ----------  ----------------------
/opt/airflow/dags/reddit_dag.py     33  0.08s             0           0                                                   0
================================================================================
[2025-01-22T12:52:09.447+0000] {manager.py:483} INFO - Processing files using up to 2 processes at a time 
[2025-01-22T12:52:09.449+0000] {manager.py:484} INFO - Process each file at most once every 30 seconds
[2025-01-22T12:52:09.451+0000] {manager.py:485} INFO - Checking for new files in /opt/airflow/dags every 300 seconds
[2025-01-22T12:52:09.452+0000] {manager.py:821} INFO - Searching for files in /opt/airflow/dags
[2025-01-22T12:52:09.476+0000] {manager.py:824} INFO - There are 1 files in /opt/airflow/dags
[2025-01-22T12:52:09.667+0000] {manager.py:997} INFO - 
================================================================================
DAG File Processing Stats

File Path                          PID  Runtime      # DAGs    # Errors  Last Runtime    Last Run      Last # of DB Queries
-------------------------------  -----  ---------  --------  ----------  --------------  ----------  ----------------------
/opt/airflow/dags/reddit_dag.py     32  0.05s             0           0                                                   0
================================================================================
[2025-01-22T12:52:40.142+0000] {manager.py:997} INFO - 
================================================================================
DAG File Processing Stats

File Path                          PID  Runtime      # DAGs    # Errors  Last Runtime    Last Run               Last # of DB Queries
-------------------------------  -----  ---------  --------  ----------  --------------  -------------------  ----------------------
/opt/airflow/dags/reddit_dag.py     33  0.02s             0           1  0.13s           2025-01-22T12:52:09                       3
================================================================================
[2025-01-22T12:53:13.345+0000] {manager.py:997} INFO - 
================================================================================
DAG File Processing Stats

File Path                        PID    Runtime      # DAGs    # Errors  Last Runtime    Last Run               Last # of DB Queries
-------------------------------  -----  ---------  --------  ----------  --------------  -------------------  ----------------------
/opt/airflow/dags/reddit_dag.py                           0           1  0.75s           2025-01-22T12:52:40                       5
================================================================================
[2025-01-22T12:54:18.963+0000] {manager.py:997} INFO - 
================================================================================
DAG File Processing Stats

File Path                          PID  Runtime      # DAGs    # Errors  Last Runtime    Last Run               Last # of DB Queries
-------------------------------  -----  ---------  --------  ----------  --------------  -------------------  ----------------------
/opt/airflow/dags/reddit_dag.py     34  40.77s            0           1  0.75s           2025-01-22T12:52:40                       5
================================================================================
[2025-01-22T12:54:57.031+0000] {manager.py:997} INFO - 
================================================================================
DAG File Processing Stats

File Path                        PID    Runtime      # DAGs    # Errors  Last Runtime    Last Run               Last # of DB Queries
-------------------------------  -----  ---------  --------  ----------  --------------  -------------------  ----------------------
/opt/airflow/dags/reddit_dag.py                           0           1  0.48s           2025-01-22T12:54:55                       5
================================================================================
[2025-01-22T12:55:27.847+0000] {manager.py:997} INFO - 
================================================================================
DAG File Processing Stats

File Path                        PID    Runtime      # DAGs    # Errors  Last Runtime    Last Run               Last # of DB Queries
-------------------------------  -----  ---------  --------  ----------  --------------  -------------------  ----------------------
/opt/airflow/dags/reddit_dag.py                           0           1  0.13s           2025-01-22T12:55:25                       5
================================================================================
[2025-01-22T12:55:58.282+0000] {manager.py:997} INFO - 
================================================================================
DAG File Processing Stats

File Path                        PID    Runtime      # DAGs    # Errors  Last Runtime    Last Run               Last # of DB Queries
-------------------------------  -----  ---------  --------  ----------  --------------  -------------------  ----------------------
/opt/airflow/dags/reddit_dag.py                           0           1  0.14s           2025-01-22T12:55:56                       5
================================================================================
[2025-01-22T12:56:28.689+0000] {manager.py:997} INFO - 
================================================================================
DAG File Processing Stats

File Path                        PID    Runtime      # DAGs    # Errors  Last Runtime    Last Run               Last # of DB Queries
-------------------------------  -----  ---------  --------  ----------  --------------  -------------------  ----------------------
/opt/airflow/dags/reddit_dag.py                           0           1  0.17s           2025-01-22T12:56:26                       5
================================================================================
[2025-01-22T12:56:59.086+0000] {manager.py:997} INFO - 
================================================================================
DAG File Processing Stats

File Path                        PID    Runtime      # DAGs    # Errors  Last Runtime    Last Run               Last # of DB Queries
-------------------------------  -----  ---------  --------  ----------  --------------  -------------------  ----------------------
/opt/airflow/dags/reddit_dag.py                           0           1  0.28s           2025-01-22T12:56:57                       5
================================================================================
[2025-01-22T12:57:10.185+0000] {manager.py:821} INFO - Searching for files in /opt/airflow/dags
[2025-01-22T12:57:10.197+0000] {manager.py:824} INFO - There are 1 files in /opt/airflow/dags
[2025-01-22T12:57:38.008+0000] {manager.py:997} INFO - 
================================================================================
DAG File Processing Stats

File Path                          PID  Runtime      # DAGs    # Errors  Last Runtime    Last Run               Last # of DB Queries
-------------------------------  -----  ---------  --------  ----------  --------------  -------------------  ----------------------
/opt/airflow/dags/reddit_dag.py     40  6.50s             0           1  0.28s           2025-01-22T12:56:57                       5
================================================================================
[2025-01-22T12:58:27.646+0000] {manager.py:1366} ERROR - Processor for /opt/airflow/dags/reddit_dag.py with PID 40 started at 2025-01-22T12:57:28.254608+00:00 has timed out, killing it.
[2025-01-22T12:58:27.663+0000] {manager.py:997} INFO - 
================================================================================
DAG File Processing Stats

File Path                        PID    Runtime      # DAGs    # Errors  Last Runtime    Last Run               Last # of DB Queries
-------------------------------  -----  ---------  --------  ----------  --------------  -------------------  ----------------------
/opt/airflow/dags/reddit_dag.py                           0           1  59.39s          2025-01-22T12:58:27                       0
================================================================================
[2025-01-22T12:58:58.033+0000] {manager.py:997} INFO - 
================================================================================
DAG File Processing Stats

File Path                          PID  Runtime      # DAGs    # Errors  Last Runtime    Last Run               Last # of DB Queries
-------------------------------  -----  ---------  --------  ----------  --------------  -------------------  ----------------------
/opt/airflow/dags/reddit_dag.py     41  0.01s             0           1  59.39s          2025-01-22T12:58:27                       0
================================================================================
[2025-01-22T12:59:28.378+0000] {manager.py:997} INFO - 
================================================================================
DAG File Processing Stats

File Path                          PID  Runtime      # DAGs    # Errors  Last Runtime    Last Run               Last # of DB Queries
-------------------------------  -----  ---------  --------  ----------  --------------  -------------------  ----------------------
/opt/airflow/dags/reddit_dag.py     42  0.01s             0           1  0.21s           2025-01-22T12:58:58                       5
================================================================================
[2025-01-22T13:02:00.997+0000] {manager.py:997} INFO - 
================================================================================
DAG File Processing Stats

File Path                          PID  Runtime      # DAGs    # Errors  Last Runtime    Last Run               Last # of DB Queries
-------------------------------  -----  ---------  --------  ----------  --------------  -------------------  ----------------------
/opt/airflow/dags/reddit_dag.py     43  1.45s             0           1  0.13s           2025-01-22T12:59:28                       5
================================================================================
[2025-01-22T13:03:31.133+0000] {manager.py:821} INFO - Searching for files in /opt/airflow/dags
[2025-01-22T13:03:31.204+0000] {manager.py:824} INFO - There are 1 files in /opt/airflow/dags
[2025-01-22T13:03:31.345+0000] {manager.py:1366} ERROR - Processor for /opt/airflow/dags/reddit_dag.py with PID 43 started at 2025-01-22T13:01:28.719742+00:00 has timed out, killing it.
[2025-01-22T13:03:31.417+0000] {manager.py:997} INFO - 
================================================================================
DAG File Processing Stats

File Path                        PID    Runtime      # DAGs    # Errors  Last Runtime    Last Run               Last # of DB Queries
-------------------------------  -----  ---------  --------  ----------  --------------  -------------------  ----------------------
/opt/airflow/dags/reddit_dag.py                           0           1  122.63s         2025-01-22T13:03:31                       0
================================================================================
[2025-01-22T13:04:29.293+0000] {manager.py:997} INFO - 
================================================================================
DAG File Processing Stats

File Path                        PID    Runtime      # DAGs    # Errors  Last Runtime    Last Run               Last # of DB Queries
-------------------------------  -----  ---------  --------  ----------  --------------  -------------------  ----------------------
/opt/airflow/dags/reddit_dag.py                           0           1  0.26s           2025-01-22T13:04:02                       5
================================================================================
[2025-01-22T13:05:02.565+0000] {manager.py:997} INFO - 
================================================================================
DAG File Processing Stats

File Path                        PID    Runtime      # DAGs    # Errors  Last Runtime    Last Run               Last # of DB Queries
-------------------------------  -----  ---------  --------  ----------  --------------  -------------------  ----------------------
/opt/airflow/dags/reddit_dag.py                           0           1  0.21s           2025-01-22T13:04:33                       5
================================================================================
[2025-01-22T13:05:32.994+0000] {manager.py:997} INFO - 
================================================================================
DAG File Processing Stats

File Path                        PID    Runtime      # DAGs    # Errors  Last Runtime    Last Run               Last # of DB Queries
-------------------------------  -----  ---------  --------  ----------  --------------  -------------------  ----------------------
/opt/airflow/dags/reddit_dag.py                           0           1  0.17s           2025-01-22T13:05:03                       5
================================================================================
[2025-01-22T13:06:03.417+0000] {manager.py:997} INFO - 
================================================================================
DAG File Processing Stats

File Path                        PID    Runtime      # DAGs    # Errors  Last Runtime    Last Run               Last # of DB Queries
-------------------------------  -----  ---------  --------  ----------  --------------  -------------------  ----------------------
/opt/airflow/dags/reddit_dag.py                           0           1  0.21s           2025-01-22T13:05:34                       5
================================================================================
[2025-01-22T13:06:33.877+0000] {manager.py:997} INFO - 
================================================================================
DAG File Processing Stats

File Path                        PID    Runtime      # DAGs    # Errors  Last Runtime    Last Run               Last # of DB Queries
-------------------------------  -----  ---------  --------  ----------  --------------  -------------------  ----------------------
/opt/airflow/dags/reddit_dag.py                           0           1  0.14s           2025-01-22T13:06:04                       5
================================================================================
[2025-01-22T13:07:04.277+0000] {manager.py:997} INFO - 
================================================================================
DAG File Processing Stats

File Path                        PID    Runtime      # DAGs    # Errors  Last Runtime    Last Run               Last # of DB Queries
-------------------------------  -----  ---------  --------  ----------  --------------  -------------------  ----------------------
/opt/airflow/dags/reddit_dag.py                           0           1  0.16s           2025-01-22T13:06:35                       5
================================================================================
[2025-01-22T13:07:34.675+0000] {manager.py:997} INFO - 
================================================================================
DAG File Processing Stats

File Path                        PID    Runtime      # DAGs    # Errors  Last Runtime    Last Run               Last # of DB Queries
-------------------------------  -----  ---------  --------  ----------  --------------  -------------------  ----------------------
/opt/airflow/dags/reddit_dag.py                           0           1  0.14s           2025-01-22T13:07:05                       5
================================================================================
[2025-01-22T13:08:05.072+0000] {manager.py:997} INFO - 
================================================================================
DAG File Processing Stats

File Path                        PID    Runtime      # DAGs    # Errors  Last Runtime    Last Run               Last # of DB Queries
-------------------------------  -----  ---------  --------  ----------  --------------  -------------------  ----------------------
/opt/airflow/dags/reddit_dag.py                           0           1  0.18s           2025-01-22T13:07:35                       5
================================================================================
[2025-01-22T13:08:31.548+0000] {manager.py:821} INFO - Searching for files in /opt/airflow/dags
[2025-01-22T13:08:31.563+0000] {manager.py:824} INFO - There are 1 files in /opt/airflow/dags
[2025-01-22T13:08:35.643+0000] {manager.py:997} INFO - 
================================================================================
DAG File Processing Stats

File Path                        PID    Runtime      # DAGs    # Errors  Last Runtime    Last Run               Last # of DB Queries
-------------------------------  -----  ---------  --------  ----------  --------------  -------------------  ----------------------
/opt/airflow/dags/reddit_dag.py                           0           1  0.16s           2025-01-22T13:08:06                       5
================================================================================
[2025-01-22T13:08:49.337+0000] {manager.py:465} INFO - Exiting gracefully upon receiving signal 15
[2025-01-22T13:10:36.011+0000] {manager.py:483} INFO - Processing files using up to 2 processes at a time 
[2025-01-22T13:10:36.013+0000] {manager.py:484} INFO - Process each file at most once every 30 seconds
[2025-01-22T13:10:36.015+0000] {manager.py:485} INFO - Checking for new files in /opt/airflow/dags every 300 seconds
[2025-01-22T13:10:36.016+0000] {manager.py:821} INFO - Searching for files in /opt/airflow/dags
[2025-01-22T13:10:36.030+0000] {manager.py:824} INFO - There are 1 files in /opt/airflow/dags
[2025-01-22T13:10:36.285+0000] {manager.py:997} INFO - 
================================================================================
DAG File Processing Stats

File Path                          PID  Runtime      # DAGs    # Errors  Last Runtime    Last Run      Last # of DB Queries
-------------------------------  -----  ---------  --------  ----------  --------------  ----------  ----------------------
/opt/airflow/dags/reddit_dag.py     33  0.07s             0           0                                                   0
================================================================================
[2025-01-22T13:13:27.585+0000] {manager.py:483} INFO - Processing files using up to 2 processes at a time 
[2025-01-22T13:13:27.588+0000] {manager.py:484} INFO - Process each file at most once every 30 seconds
[2025-01-22T13:13:27.590+0000] {manager.py:485} INFO - Checking for new files in /opt/airflow/dags every 300 seconds
[2025-01-22T13:13:27.591+0000] {manager.py:821} INFO - Searching for files in /opt/airflow/dags
[2025-01-22T13:13:27.607+0000] {manager.py:824} INFO - There are 1 files in /opt/airflow/dags
[2025-01-22T13:13:27.836+0000] {manager.py:997} INFO - 
================================================================================
DAG File Processing Stats

File Path                          PID  Runtime      # DAGs    # Errors  Last Runtime    Last Run      Last # of DB Queries
-------------------------------  -----  ---------  --------  ----------  --------------  ----------  ----------------------
/opt/airflow/dags/reddit_dag.py     33  0.06s             0           0                                                   0
================================================================================
[2025-01-22T13:20:20.624+0000] {manager.py:483} INFO - Processing files using up to 2 processes at a time 
[2025-01-22T13:20:20.626+0000] {manager.py:484} INFO - Process each file at most once every 30 seconds
[2025-01-22T13:20:20.628+0000] {manager.py:485} INFO - Checking for new files in /opt/airflow/dags every 300 seconds
[2025-01-22T13:20:20.630+0000] {manager.py:821} INFO - Searching for files in /opt/airflow/dags
[2025-01-22T13:20:20.643+0000] {manager.py:824} INFO - There are 1 files in /opt/airflow/dags
[2025-01-22T13:20:20.877+0000] {manager.py:997} INFO - 
================================================================================
DAG File Processing Stats

File Path                          PID  Runtime      # DAGs    # Errors  Last Runtime    Last Run      Last # of DB Queries
-------------------------------  -----  ---------  --------  ----------  --------------  ----------  ----------------------
/opt/airflow/dags/reddit_dag.py     32  0.07s             0           0                                                   0
================================================================================
[2025-01-22T13:20:51.420+0000] {manager.py:997} INFO - 
================================================================================
DAG File Processing Stats

File Path                          PID  Runtime      # DAGs    # Errors  Last Runtime    Last Run               Last # of DB Queries
-------------------------------  -----  ---------  --------  ----------  --------------  -------------------  ----------------------
/opt/airflow/dags/reddit_dag.py     33  0.02s             0           1  0.17s           2025-01-22T13:20:20                       3
================================================================================
[2025-01-22T13:21:22.008+0000] {manager.py:997} INFO - 
================================================================================
DAG File Processing Stats

File Path                        PID    Runtime      # DAGs    # Errors  Last Runtime    Last Run               Last # of DB Queries
-------------------------------  -----  ---------  --------  ----------  --------------  -------------------  ----------------------
/opt/airflow/dags/reddit_dag.py                           0           1  0.79s           2025-01-22T13:20:52                       5
================================================================================
[2025-01-22T13:21:57.481+0000] {manager.py:997} INFO - 
================================================================================
DAG File Processing Stats

File Path                        PID    Runtime      # DAGs    # Errors  Last Runtime    Last Run               Last # of DB Queries
-------------------------------  -----  ---------  --------  ----------  --------------  -------------------  ----------------------
/opt/airflow/dags/reddit_dag.py                           0           1  1.32s           2025-01-22T13:21:24                       5
================================================================================
[2025-01-22T13:22:27.445+0000] {manager.py:997} INFO - 
================================================================================
DAG File Processing Stats

File Path                        PID    Runtime      # DAGs    # Errors  Last Runtime    Last Run               Last # of DB Queries
-------------------------------  -----  ---------  --------  ----------  --------------  -------------------  ----------------------
/opt/airflow/dags/reddit_dag.py                           0           1  11.14s          2025-01-22T13:22:26                       5
================================================================================
[2025-01-22T13:23:00.216+0000] {manager.py:997} INFO - 
================================================================================
DAG File Processing Stats

File Path                        PID    Runtime      # DAGs    # Errors  Last Runtime    Last Run               Last # of DB Queries
-------------------------------  -----  ---------  --------  ----------  --------------  -------------------  ----------------------
/opt/airflow/dags/reddit_dag.py                           0           1  0.32s           2025-01-22T13:22:57                       5
================================================================================
[2025-01-22T13:23:31.037+0000] {manager.py:997} INFO - 
================================================================================
DAG File Processing Stats

File Path                        PID    Runtime      # DAGs    # Errors  Last Runtime    Last Run               Last # of DB Queries
-------------------------------  -----  ---------  --------  ----------  --------------  -------------------  ----------------------
/opt/airflow/dags/reddit_dag.py                           0           1  0.26s           2025-01-22T13:23:27                       5
================================================================================
[2025-01-22T13:24:01.720+0000] {manager.py:997} INFO - 
================================================================================
DAG File Processing Stats

File Path                        PID    Runtime      # DAGs    # Errors  Last Runtime    Last Run               Last # of DB Queries
-------------------------------  -----  ---------  --------  ----------  --------------  -------------------  ----------------------
/opt/airflow/dags/reddit_dag.py                           0           1  0.26s           2025-01-22T13:23:58                       5
================================================================================
[2025-01-22T13:24:32.128+0000] {manager.py:997} INFO - 
================================================================================
DAG File Processing Stats

File Path                        PID    Runtime      # DAGs    # Errors  Last Runtime    Last Run               Last # of DB Queries
-------------------------------  -----  ---------  --------  ----------  --------------  -------------------  ----------------------
/opt/airflow/dags/reddit_dag.py                           0           1  0.14s           2025-01-22T13:24:29                       5
================================================================================
[2025-01-22T13:25:02.560+0000] {manager.py:997} INFO - 
================================================================================
DAG File Processing Stats

File Path                        PID    Runtime      # DAGs    # Errors  Last Runtime    Last Run               Last # of DB Queries
-------------------------------  -----  ---------  --------  ----------  --------------  -------------------  ----------------------
/opt/airflow/dags/reddit_dag.py                           0           1  0.51s           2025-01-22T13:24:59                       5
================================================================================
[2025-01-22T13:25:21.328+0000] {manager.py:821} INFO - Searching for files in /opt/airflow/dags
[2025-01-22T13:25:21.355+0000] {manager.py:824} INFO - There are 1 files in /opt/airflow/dags
[2025-01-22T13:26:40.572+0000] {manager.py:997} INFO - 
================================================================================
DAG File Processing Stats

File Path                          PID  Runtime      # DAGs    # Errors  Last Runtime    Last Run               Last # of DB Queries
-------------------------------  -----  ---------  --------  ----------  --------------  -------------------  ----------------------
/opt/airflow/dags/reddit_dag.py     41  0.19s             0           1  0.51s           2025-01-22T13:24:59                       5
================================================================================
[2025-01-22T13:27:11.401+0000] {manager.py:997} INFO - 
================================================================================
DAG File Processing Stats

File Path                          PID  Runtime      # DAGs    # Errors  Last Runtime    Last Run               Last # of DB Queries
-------------------------------  -----  ---------  --------  ----------  --------------  -------------------  ----------------------
/opt/airflow/dags/reddit_dag.py     41  28.96s            0           1  0.51s           2025-01-22T13:24:59                       5
================================================================================
[2025-01-22T13:28:25.294+0000] {manager.py:1366} ERROR - Processor for /opt/airflow/dags/reddit_dag.py with PID 41 started at 2025-01-22T13:26:40.146564+00:00 has timed out, killing it.
[2025-01-22T13:28:30.089+0000] {manager.py:997} INFO - 
================================================================================
DAG File Processing Stats

File Path                        PID    Runtime      # DAGs    # Errors  Last Runtime    Last Run               Last # of DB Queries
-------------------------------  -----  ---------  --------  ----------  --------------  -------------------  ----------------------
/opt/airflow/dags/reddit_dag.py                           0           1  100.13s         2025-01-22T13:28:20                       0
================================================================================
[2025-01-22T13:29:11.766+0000] {manager.py:997} INFO - 
================================================================================
DAG File Processing Stats

File Path                          PID  Runtime      # DAGs    # Errors  Last Runtime    Last Run               Last # of DB Queries
-------------------------------  -----  ---------  --------  ----------  --------------  -------------------  ----------------------
/opt/airflow/dags/reddit_dag.py     42  16.28s            0           1  100.13s         2025-01-22T13:28:20                       0
================================================================================
[2025-01-22T13:29:42.150+0000] {manager.py:997} INFO - 
================================================================================
DAG File Processing Stats

File Path                        PID    Runtime      # DAGs    # Errors  Last Runtime    Last Run               Last # of DB Queries
-------------------------------  -----  ---------  --------  ----------  --------------  -------------------  ----------------------
/opt/airflow/dags/reddit_dag.py                           0           1  16.92s          2025-01-22T13:29:12                       5
================================================================================
[2025-01-22T13:29:50.257+0000] {manager.py:465} INFO - Exiting gracefully upon receiving signal 15
